<?xml version="1.0" encoding="UTF-8"?>
<!-- Generated by org.testng.reporters.JUnitReportReporter -->
<testsuite hostname="INNOPHLTXE3E140" failures="0" tests="2" name="Grouping.dependenciesDemo" time="0.008" errors="0" timestamp="2024-01-17T19:41:10 IST" skipped="0">
  <testcase classname="Grouping.dependenciesDemo" name="proforma" time="0.002"/>
  <testcase classname="Grouping.dependenciesDemo" name="timecard" time="0.006"/>
</testsuite> <!-- Grouping.dependenciesDemo -->
