<?xml version="1.0" encoding="UTF-8"?>
<!-- Generated by org.testng.reporters.JUnitReportReporter -->
<testsuite hostname="INNOPHLTXE3E140" failures="0" tests="4" name="Utils.ExcelDecTest" time="22.261" errors="0" timestamp="2024-01-17T16:48:53 IST" skipped="0">
  <testcase classname="Utils.ExcelDecTest" name="mainTest" time="3.699"/>
  <testcase classname="Utils.ExcelDecTest" name="mainTest" time="3.717"/>
  <testcase classname="Utils.ExcelDecTest" name="mainTest" time="3.543"/>
  <testcase classname="Utils.ExcelDecTest" name="mainTest" time="11.302"/>
</testsuite> <!-- Utils.ExcelDecTest -->
