<?xml version="1.0" encoding="UTF-8"?>
<!-- Generated by org.testng.reporters.JUnitReportReporter -->
<testsuite hostname="INNOPHLTXE3E140" failures="0" tests="2" name="priority.multiBrowserDemo" time="13.280" errors="0" timestamp="2024-01-17T19:13:53 IST" skipped="0">
  <testcase classname="priority.multiBrowserDemo" name="test" time="7.647"/>
  <testcase classname="priority.multiBrowserDemo" name="test" time="5.633"/>
</testsuite> <!-- priority.multiBrowserDemo -->
