<?xml version="1.0" encoding="UTF-8"?>
<!-- Generated by org.testng.reporters.JUnitReportReporter -->
<testsuite hostname="INNOPHLTXE3E140" failures="0" tests="2" name="Grouping.groupsDemo" time="0.012" errors="0" timestamp="2024-01-17T19:28:25 IST" skipped="0">
  <testcase classname="Grouping.groupsDemo" name="D" time="0.003"/>
  <testcase classname="Grouping.groupsDemo" name="A" time="0.009"/>
</testsuite> <!-- Grouping.groupsDemo -->
