<?xml version="1.0" encoding="UTF-8"?>
<!-- Generated by org.testng.reporters.JUnitReportReporter -->
<testsuite hostname="INNOPHLTXE3E140" failures="0" tests="3" name="priority.priorityDemo" time="0.012" errors="0" timestamp="2024-01-17T16:56:05 IST" skipped="0">
  <testcase classname="priority.priorityDemo" name="test3" time="0.010"/>
  <testcase classname="priority.priorityDemo" name="test1" time="0.001"/>
  <testcase classname="priority.priorityDemo" name="test2" time="0.001"/>
</testsuite> <!-- priority.priorityDemo -->
