<?xml version="1.0" encoding="UTF-8"?>
<!-- Generated by org.testng.reporters.JUnitReportReporter -->
<testsuite hostname="INNOPHLTXE3E140" failures="0" tests="1" name="Parameters.parametersDemo" time="0.024" errors="0" timestamp="2024-01-17T19:37:11 IST" skipped="0">
  <testcase classname="Parameters.parametersDemo" name="Demo" time="0.024"/>
</testsuite> <!-- Parameters.parametersDemo -->
