<?xml version="1.0" encoding="UTF-8"?>
<!-- Generated by org.testng.reporters.JUnitReportReporter -->
<testsuite hostname="INNOPHLTXE3E140" failures="0" tests="2" name="testNGTests.testNG1" time="6.424" errors="0" timestamp="2024-01-14T21:52:38 IST" skipped="0">
  <testcase classname="testNGTests.testNG1" name="openSpotifyWebPlayer" time="5.756"/>
  <testcase classname="testNGTests.testNG1" name="runTest" time="0.668"/>
</testsuite> <!-- testNGTests.testNG1 -->
