<?xml version="1.0" encoding="UTF-8"?>
<!-- Generated by org.testng.reporters.JUnitReportReporter -->
<testsuite hostname="INNOPHLTXE3E140" failures="0" tests="3" name="testNGTests.ignoreDemo" time="0.013" errors="0" timestamp="2024-01-21T21:45:47 IST" skipped="2">
  <testcase classname="testNGTests.ignoreDemo" name="C" time="0.013"/>
  <testcase classname="testNGTests.ignoreDemo" name="A">
    <skipped/>
  </testcase> <!-- A -->
  <testcase classname="testNGTests.ignoreDemo" name="B">
    <skipped/>
  </testcase> <!-- B -->
</testsuite> <!-- testNGTests.ignoreDemo -->
